<?xml version="1.0" encoding="UTF-8"?>
<testsuites>
    <testsuite name="AdvantageOnlineShopping" tests="2" failures="1">
        <testcase name="Transaction Response Time: AOS_login - average of 175 ms, exceeded the defined amount of 100 ms" time="0.175">
            <failure message="SLA &#34;Transaction Response Time&#34; failed." type="ERROR">Transaction AOS_login, with an average of 175 ms, exceeded the defined amount of 100 ms.</failure>
        </testcase>
        <testcase name="Percentage of Failed Transactions - 0% compared to the defined amount of 35%" systemOut="SLA &#34;Percentage of Failed Transactions&#34; passed.&#xA;The failing transactions ratio is 0%, compared to the defined amount of 35%."></testcase>
    </testsuite>
</testsuites>